00:00:00.000098 main     VirtualBox XPCOM Server 7.2.6 r172322 linux.amd64 (Jan 28 2026 17:11:43) release log
00:00:00.000099 main     Log opened 2026-02-01T20:24:08.930478000Z
00:00:00.000099 main     Build Type: release
00:00:00.000100 main     OS Product: Linux
00:00:00.000101 main     OS Release: 6.18.7-arch1-1
00:00:00.000101 main     OS Version: #1 SMP PREEMPT_DYNAMIC Sat, 24 Jan 2026 00:47:39 +0000
00:00:00.000116 main     DMI Product Name: System Product Name
00:00:00.000123 main     DMI Product Version: System Version
00:00:00.000126 main     Firmware type: UEFI
00:00:00.000201 main     Secure Boot: Disabled
00:00:00.000221 main     Host RAM: 15892MB (15.5GB) total, 12496MB (12.2GB) available
00:00:00.000222 main     Executable: /usr/lib/virtualbox/VBoxSVC
00:00:00.000222 main     Process ID: 24509
00:00:00.000223 main     Package type: LINUX_64BITS_GENERIC (OSE)
00:00:00.003906 main     IPC socket path: /tmp/.vbox-risc-ipc/ipcd
00:00:00.004888 DCon01   VirtualBox: object creation starts
00:00:00.004927 DCon01   Home directory: '/home/risc/.config/VirtualBox'
00:00:00.013199 DCon01   HostDnsMonitor: initializing
00:00:00.013294 DCon01   NAT: resolv.conf: nameserver 200.75.0.4
00:00:00.013298 DCon01   NAT: resolv.conf: nameserver 200.75.0.5
00:00:00.013304 DCon01   HostDnsMonitor: updating information
00:00:00.013308 DCon01   HostDnsMonitor: old information
00:00:00.013310 DCon01     no server entries
00:00:00.013311 DCon01     no domain set
00:00:00.013313 DCon01     no search string entries
00:00:00.013314 DCon01   HostDnsMonitor: new information
00:00:00.013315 DCon01     server 1: 200.75.0.4
00:00:00.013317 DCon01     server 2: 200.75.0.5
00:00:00.013318 DCon01     no domain set
00:00:00.013320 DCon01     no search string entries
00:00:00.014237 DCon01   Failed to open "/dev/vboxdrvu", errno=2, rc=VERR_VM_DRIVER_NOT_INSTALLED
00:00:00.014323 DCon01   VD: VDInit finished with VINF_SUCCESS
00:00:00.014399 DCon01   ERROR [COM]: aRC=NS_ERROR_FAILURE (0x80004005) aIID={925084b0-625f-422f-a67d-0ede1880a56c} aComponent={SystemPropertiesWrap} aText={Cannot determine default Guest Additions ISO location. Most likely they are not available}, preserve=false aResultDetail=0
00:00:00.015088 DCon01   VirtualBox: object created
00:00:00.421123 DCon03   WARNING [COM]: aRC=NS_ERROR_FAILURE (0x80004005) aIID={d5dcece0-b202-4416-a138-03502784cc07} aComponent={HostWrap} aText={Could not load the Host USB Proxy service: VERR_NOT_FOUND}, preserve=false aResultDetail=0
00:00:00.742761 DCon03   Saving settings file "/home/risc/.config/VirtualBox/VirtualBox.xml" with version "1.12-linux"
00:00:00.745687 DCon03   Finished saving settings file "/home/risc/.config/VirtualBox/VirtualBox.xml"
00:00:03.790607 DCon01   ERROR [COM]: aRC=NS_ERROR_FAILURE (0x80004005) aIID={925084b0-625f-422f-a67d-0ede1880a56c} aComponent={SystemPropertiesWrap} aText={Cannot determine default Guest Additions ISO location. Most likely they are not available}, preserve=false aResultDetail=0
00:00:04.153472 DCon01   Saving settings file "/home/risc/.config/VirtualBox/VirtualBox.xml" with version "1.12-linux"
00:00:04.156119 DCon01   Finished saving settings file "/home/risc/.config/VirtualBox/VirtualBox.xml"
00:01:03.361124 DCon05   Saving settings file "/home/risc/.config/VirtualBox/VirtualBox.xml" with version "1.12-linux"
00:01:03.364856 DCon05   Finished saving settings file "/home/risc/.config/VirtualBox/VirtualBox.xml"
00:01:20.970598 DCon06   Saving settings file "/home/risc/.config/VirtualBox/VirtualBox.xml" with version "1.12-linux"
00:01:20.974753 DCon06   Finished saving settings file "/home/risc/.config/VirtualBox/VirtualBox.xml"
00:01:33.610833 DCon04   Unattended: RTVfsQueryPathInfo(, '\OS2IMAGE/DISK_0/OS2LDR' (from OS2SE20.SRC),) -> VERR_PATH_NOT_FOUND, fMode=0x0
00:01:33.614101 DCon04   Saving settings file "/home/risc/.config/VirtualBox/VirtualBox.xml" with version "1.12-linux"
00:01:33.616560 DCon04   Finished saving settings file "/home/risc/.config/VirtualBox/VirtualBox.xml"
00:01:33.617824 DCon02   Saving settings file "/home/risc/.config/VirtualBox/VirtualBox.xml" with version "1.12-linux"
00:01:33.620307 DCon02   Finished saving settings file "/home/risc/.config/VirtualBox/VirtualBox.xml"
00:02:24.689884 createBase Saving settings file "/home/risc/.config/VirtualBox/VirtualBox.xml" with version "1.12-linux"
00:02:24.692717 createBase Finished saving settings file "/home/risc/.config/VirtualBox/VirtualBox.xml"
00:02:24.695703 DCon08   Platform architecture set to 'x86'
00:02:24.695798 DCon08   Platform architecture set to 'x86'
00:02:24.695806 DCon08   Platform architecture set to 'x86'
00:02:24.695980 DCon08   WARNING [COM]: aRC=NS_ERROR_FAILURE (0x80004005) aIID={d5dcece0-b202-4416-a138-03502784cc07} aComponent={HostWrap} aText={Could not load the Host USB Proxy service: VERR_NOT_FOUND}, preserve=true aResultDetail=0
00:02:24.695999 DCon08   Platform architecture set to 'x86'
00:02:24.696573 DCon08   Saving settings file "/home/risc/VirtualBox VMs/Vice/Vice.vbox" with version "1.19-linux"
00:02:24.704228 DCon08   Finished saving settings file "/home/risc/VirtualBox VMs/Vice/Vice.vbox"
00:02:24.704272 DCon08   Saving settings file "/home/risc/.config/VirtualBox/VirtualBox.xml" with version "1.12-linux"
00:02:24.706742 DCon08   Finished saving settings file "/home/risc/.config/VirtualBox/VirtualBox.xml"
00:02:24.707254 DCon08   Platform architecture set to 'x86'
00:02:24.708269 DCon08   Saving settings file "/home/risc/.config/VirtualBox/VirtualBox.xml" with version "1.12-linux"
00:02:24.710658 DCon08   Finished saving settings file "/home/risc/.config/VirtualBox/VirtualBox.xml"
00:02:24.710865 DCon07   Saving settings file "/home/risc/VirtualBox VMs/Vice/Vice.vbox" with version "1.19-linux"
00:02:24.713565 DCon07   Finished saving settings file "/home/risc/VirtualBox VMs/Vice/Vice.vbox"
00:02:24.714658 DCon08   Saving settings file "/home/risc/.config/VirtualBox/VirtualBox.xml" with version "1.12-linux"
00:02:24.717065 DCon08   Finished saving settings file "/home/risc/.config/VirtualBox/VirtualBox.xml"
00:02:24.717246 DCon08   Saving settings file "/home/risc/VirtualBox VMs/Vice/Vice.vbox" with version "1.19-linux"
00:02:24.719991 DCon08   Finished saving settings file "/home/risc/VirtualBox VMs/Vice/Vice.vbox"
00:02:24.720279 DCon08   Saving settings file "/home/risc/VirtualBox VMs/Vice/Vice.vbox" with version "1.19-linux"
00:02:24.722932 DCon08   Finished saving settings file "/home/risc/VirtualBox VMs/Vice/Vice.vbox"
00:02:24.752867 DCon10   WARNING [COM]: aRC=NS_ERROR_FAILURE (0x80004005) aIID={d5dcece0-b202-4416-a138-03502784cc07} aComponent={HostWrap} aText={Could not load the Host USB Proxy service: VERR_NOT_FOUND}, preserve=true aResultDetail=0
00:02:24.762731 DCon10   ERROR [COM]: aRC=VBOX_E_OBJECT_NOT_FOUND (0x80bb0001) aIID={5bfd8965-b81b-469f-8649-f717ce97a5d5} aComponent={NvramStoreWrap} aText={The UEFI NVRAM file is not existing for this machine}, preserve=false aResultDetail=0
00:02:24.763653 DCon10   Failed to open "/dev/vboxdrvu", errno=2, rc=VERR_VM_DRIVER_NOT_INSTALLED
00:02:24.853809 DCon10   WARNING [COM]: aRC=NS_ERROR_FAILURE (0x80004005) aIID={d5dcece0-b202-4416-a138-03502784cc07} aComponent={HostWrap} aText={Could not load the Host USB Proxy service: VERR_NOT_FOUND}, preserve=true aResultDetail=0
00:02:24.854476 DCon10   WARNING [COM]: aRC=NS_ERROR_FAILURE (0x80004005) aIID={d5dcece0-b202-4416-a138-03502784cc07} aComponent={HostWrap} aText={Could not load the Host USB Proxy service: VERR_NOT_FOUND}, preserve=true aResultDetail=0
00:02:25.042514 DCon10   Saving settings file "/home/risc/.config/VirtualBox/VirtualBox.xml" with version "1.12-linux"
00:02:25.044684 DCon10   Finished saving settings file "/home/risc/.config/VirtualBox/VirtualBox.xml"
00:02:28.874602 DCon07   Launched VM: 135042064 pid: 31668 (0x7bb4) frontend: GUI/Qt name: Vice
00:02:28.895352 DCon09   ERROR [COM]: aRC=VBOX_E_OBJECT_NOT_FOUND (0x80bb0001) aIID={5bfd8965-b81b-469f-8649-f717ce97a5d5} aComponent={NvramStoreWrap} aText={The UEFI NVRAM file is not existing for this machine}, preserve=false aResultDetail=0
00:02:28.896253 DCon09   Failed to open "/dev/vboxdrvu", errno=2, rc=VERR_VM_DRIVER_NOT_INSTALLED
00:02:28.932003 DCon09   WARNING [COM]: aRC=NS_ERROR_FAILURE (0x80004005) aIID={d5dcece0-b202-4416-a138-03502784cc07} aComponent={HostWrap} aText={Could not load the Host USB Proxy service: VERR_NOT_FOUND}, preserve=true aResultDetail=0
00:02:28.932629 DCon09   WARNING [COM]: aRC=NS_ERROR_FAILURE (0x80004005) aIID={d5dcece0-b202-4416-a138-03502784cc07} aComponent={HostWrap} aText={Could not load the Host USB Proxy service: VERR_NOT_FOUND}, preserve=true aResultDetail=0
00:02:29.374816 Watcher  ERROR [COM]: aRC=NS_ERROR_FAILURE (0x80004005) aIID={e36a5081-a82a-40bd-9e4e-42a44d6ce50f} aComponent={MachineWrap} aText={The virtual machine 'Vice' has terminated unexpectedly during startup with exit code 1 (0x1)}, preserve=false aResultDetail=0
00:02:29.399092 DCon10   ERROR [COM]: aRC=VBOX_E_OBJECT_NOT_FOUND (0x80bb0001) aIID={5bfd8965-b81b-469f-8649-f717ce97a5d5} aComponent={NvramStoreWrap} aText={The UEFI NVRAM file is not existing for this machine}, preserve=false aResultDetail=0
00:02:29.399934 DCon10   Failed to open "/dev/vboxdrvu", errno=2, rc=VERR_VM_DRIVER_NOT_INSTALLED
00:02:29.436851 DCon09   WARNING [COM]: aRC=NS_ERROR_FAILURE (0x80004005) aIID={d5dcece0-b202-4416-a138-03502784cc07} aComponent={HostWrap} aText={Could not load the Host USB Proxy service: VERR_NOT_FOUND}, preserve=true aResultDetail=0
00:02:29.437528 DCon09   WARNING [COM]: aRC=NS_ERROR_FAILURE (0x80004005) aIID={d5dcece0-b202-4416-a138-03502784cc07} aComponent={HostWrap} aText={Could not load the Host USB Proxy service: VERR_NOT_FOUND}, preserve=true aResultDetail=0
00:02:41.653847 DCon09   Saving settings file "/home/risc/.config/VirtualBox/VirtualBox.xml" with version "1.12-linux"
00:02:41.656604 DCon09   Finished saving settings file "/home/risc/.config/VirtualBox/VirtualBox.xml"
00:02:41.656627 DCon09   Saving settings file "/home/risc/.config/VirtualBox/VirtualBox.xml" with version "1.12-linux"
00:02:41.659509 DCon09   Finished saving settings file "/home/risc/.config/VirtualBox/VirtualBox.xml"
00:02:41.659678 DCon07   Saving settings file "/home/risc/.config/VirtualBox/VirtualBox.xml" with version "1.12-linux"
00:02:41.662412 DCon07   Finished saving settings file "/home/risc/.config/VirtualBox/VirtualBox.xml"
00:02:43.426236 DCon07   Saving settings file "/home/risc/.config/VirtualBox/VirtualBox.xml" with version "1.12-linux"
00:02:43.428990 DCon07   Finished saving settings file "/home/risc/.config/VirtualBox/VirtualBox.xml"
00:02:49.439289 main     VirtualBox: object deletion starts
00:02:49.439548 main     HostDnsMonitor: shutting down ...
00:02:49.439695 main     HostDnsMonitor: shut down
00:02:49.450232 Watcher  ERROR [COM]: aRC=E_ACCESSDENIED (0x80070005) aIID={2ce10519-3c09-45d8-a12d-e887786146b7} aComponent={VirtualBoxWrap} aText={The object is not ready}, preserve=false aResultDetail=0
00:02:49.450270 main     VirtualBox: object deleted
